-------------------------------------------------------------------------------
Test set: com.pluralsight.conferencedemo.ConferenceDemoApplicationTests
-------------------------------------------------------------------------------
Tests run: 1, Failures: 0, Errors: 1, Skipped: 0, Time elapsed: 4.464 s <<< FAILURE! - in com.pluralsight.conferencedemo.ConferenceDemoApplicationTests
contextLoads  Time elapsed: 0.001 s  <<< ERROR!
java.lang.IllegalStateException: Failed to load ApplicationContext
Caused by: org.springframework.beans.factory.BeanCreationException: Error creating bean with name 'homeController': Injection of autowired dependencies failed; nested exception is java.lang.IllegalArgumentException: Could not resolve placeholder 'app.version' in value "${app.version}"
Caused by: java.lang.IllegalArgumentException: Could not resolve placeholder 'app.version' in value "${app.version}"

