-------------------------------------------------------------------------------
Test set: com.example.demo.ConferenceDemoApplicationTests
-------------------------------------------------------------------------------
Tests run: 1, Failures: 0, Errors: 1, Skipped: 0, Time elapsed: 0.249 s <<< FAILURE! - in com.example.demo.ConferenceDemoApplicationTests
com.example.demo.ConferenceDemoApplicationTests  Time elapsed: 0.248 s  <<< ERROR!
java.lang.IllegalStateException: Unable to find a @SpringBootConfiguration, you need to use @ContextConfiguration or @SpringBootTest(classes=...) with your test

